<?xml version="1.0" encoding="UTF-8"?>
<!-- Generated by org.testng.reporters.JUnitXMLReporter -->
<testsuite ignored="0" hostname="sham" failures="1" tests="12" name="Amazon Test" time="111.721" errors="0" timestamp="2023-12-20T14:25:05 IST">
  <testcase classname="com.simplilearn.testng.amazon.AmazonHomePage" name="testAmazonHomePageSourceUrl" time="0.021"/>
  <testcase classname="com.simplilearn.testng.amazon.AmazonHomePage" name="testAmazonHomePageTitle" time="0.011"/>
  <testcase classname="com.simplilearn.testng.amazon.AmazonHomePage" name="testAmazonHomePageTitle2" time="0.009"/>
  <testcase classname="com.simplilearn.testng.amazon.AmazonSearchTest" name="testSearch1" time="4.309"/>
  <testcase classname="com.simplilearn.testng.amazon.AmazonSearchTest" name="testSearch2" time="4.157"/>
  <testcase classname="com.simplilearn.testng.amazon.AmazonSearchTest" name="testSearch3" time="4.426"/>
  <testcase classname="com.simplilearn.testng.amazon.LinkVerificationTest" name="linkTest1" time="3.082"/>
  <testcase classname="com.simplilearn.testng.amazon.LinkVerificationTest" name="linkTest2" time="2.653"/>
  <testcase classname="com.simplilearn.testng.amazon.LinkVerificationXpath" name="xpathLinkTest1" time="3.606"/>
  <testcase classname="com.simplilearn.testng.amazon.LinkVerificationXpath" name="xpathLinkTest2" time="2.138"/>
  <testcase classname="com.simplilearn.testng.amazon.LinkVerificationCssSelector" name="xpathLinkTest1" time="0.04">
    <failure type="org.openqa.selenium.NoSuchElementException" message="no such element: Unable to locate element: {&amp;quot;method&amp;quot;:&amp;quot;css selector&amp;quot;,&amp;quot;selector&amp;quot;:&amp;quot;#nav-xshop &amp;gt; a:nth-child(7)&amp;quot;}
  (Session info: chrome=120.0.6099.110)
For documentation on this error, please visit: https://www.selenium.dev/documentation/webdriver/troubleshooting/errors#no-such-element-exception
Build info: version: &amp;apos;4.15.0&amp;apos;, revision: &amp;apos;1d14b5521b&amp;apos;
System info: os.name: &amp;apos;Windows 11&amp;apos;, os.arch: &amp;apos;amd64&amp;apos;, os.version: &amp;apos;10.0&amp;apos;, java.version: &amp;apos;17.0.9&amp;apos;
Driver info: org.openqa.selenium.chrome.ChromeDriver
Command: [a79d4f42bc4037fd15154ef78297731e, findElement {using=css selector, value=#nav-xshop &amp;gt; a:nth-child(7)}]
Capabilities {acceptInsecureCerts: false, browserName: chrome, browserVersion: 120.0.6099.110, chrome: {chromedriverVersion: 120.0.6099.109 (3419140ab66..., userDataDir: C:\Users\sham2\AppData\Loca...}, fedcm:accounts: true, goog:chromeOptions: {debuggerAddress: localhost:63648}, networkConnectionEnabled: false, pageLoadStrategy: normal, platformName: windows, proxy: Proxy(), se:cdp: ws://localhost:63648/devtoo..., se:cdpVersion: 120.0.6099.110, setWindowRect: true, strictFileInteractability: false, timeouts: {implicit: 0, pageLoad: 300000, script: 30000}, unhandledPromptBehavior: dismiss and notify, webauthn:extension:credBlob: true, webauthn:extension:largeBlob: true, webauthn:extension:minPinLength: true, webauthn:extension:prf: true, webauthn:virtualAuthenticators: true}
Session ID: a79d4f42bc4037fd15154ef78297731e">
      <![CDATA[org.openqa.selenium.NoSuchElementException: no such element: Unable to locate element: {"method":"css selector","selector":"#nav-xshop > a:nth-child(7)"}
  (Session info: chrome=120.0.6099.110)
For documentation on this error, please visit: https://www.selenium.dev/documentation/webdriver/troubleshooting/errors#no-such-element-exception
Build info: version: '4.15.0', revision: '1d14b5521b'
System info: os.name: 'Windows 11', os.arch: 'amd64', os.version: '10.0', java.version: '17.0.9'
Driver info: org.openqa.selenium.chrome.ChromeDriver
Command: [a79d4f42bc4037fd15154ef78297731e, findElement {using=css selector, value=#nav-xshop > a:nth-child(7)}]
Capabilities {acceptInsecureCerts: false, browserName: chrome, browserVersion: 120.0.6099.110, chrome: {chromedriverVersion: 120.0.6099.109 (3419140ab66..., userDataDir: C:\Users\sham2\AppData\Loca...}, fedcm:accounts: true, goog:chromeOptions: {debuggerAddress: localhost:63648}, networkConnectionEnabled: false, pageLoadStrategy: normal, platformName: windows, proxy: Proxy(), se:cdp: ws://localhost:63648/devtoo..., se:cdpVersion: 120.0.6099.110, setWindowRect: true, strictFileInteractability: false, timeouts: {implicit: 0, pageLoad: 300000, script: 30000}, unhandledPromptBehavior: dismiss and notify, webauthn:extension:credBlob: true, webauthn:extension:largeBlob: true, webauthn:extension:minPinLength: true, webauthn:extension:prf: true, webauthn:virtualAuthenticators: true}
Session ID: a79d4f42bc4037fd15154ef78297731e
at org.openqa.selenium.remote.codec.w3c.W3CHttpResponseCodec.createException(W3CHttpResponseCodec.java:200)
at org.openqa.selenium.remote.codec.w3c.W3CHttpResponseCodec.decode(W3CHttpResponseCodec.java:133)
at org.openqa.selenium.remote.codec.w3c.W3CHttpResponseCodec.decode(W3CHttpResponseCodec.java:52)
at org.openqa.selenium.remote.HttpCommandExecutor.execute(HttpCommandExecutor.java:191)
at org.openqa.selenium.remote.service.DriverCommandExecutor.invokeExecute(DriverCommandExecutor.java:200)
at org.openqa.selenium.remote.service.DriverCommandExecutor.execute(DriverCommandExecutor.java:175)
at org.openqa.selenium.remote.RemoteWebDriver.execute(RemoteWebDriver.java:607)
at org.openqa.selenium.remote.ElementLocation$ElementFinder$2.findElement(ElementLocation.java:165)
at org.openqa.selenium.remote.ElementLocation.findElement(ElementLocation.java:59)
at org.openqa.selenium.remote.RemoteWebDriver.findElement(RemoteWebDriver.java:364)
at org.openqa.selenium.remote.RemoteWebDriver.findElement(RemoteWebDriver.java:358)
at com.simplilearn.testng.amazon.LinkVerificationCssSelector.xpathLinkTest1(LinkVerificationCssSelector.java:31)
at java.base/java.util.ArrayList.forEach(ArrayList.java:1511)
... Removed 32 stack frames]]>
    </failure>
  </testcase> <!-- xpathLinkTest1 -->
  <testcase classname="com.simplilearn.testng.amazon.LinkVerificationCssSelector" name="xpathLinkTest2" time="1.735"/>
</testsuite> <!-- Amazon Test -->
